{"/Users/serina/Documents/coding-stuff/Horror-victim-list/linked.js": {"path":"/Users/serina/Documents/coding-stuff/Horror-victim-list/linked.js","statementMap":{"0":{"start":{"line":6,"column":4},"end":{"line":6,"column":20}},"1":{"start":{"line":7,"column":4},"end":{"line":7,"column":22}},"2":{"start":{"line":8,"column":4},"end":{"line":8,"column":20}},"3":{"start":{"line":14,"column":4},"end":{"line":14,"column":20}},"4":{"start":{"line":15,"column":4},"end":{"line":15,"column":17}},"5":{"start":{"line":16,"column":4},"end":{"line":16,"column":31}},"6":{"start":{"line":20,"column":4},"end":{"line":25,"column":5}},"7":{"start":{"line":21,"column":6},"end":{"line":21,"column":27}},"8":{"start":{"line":22,"column":6},"end":{"line":22,"column":17}},"9":{"start":{"line":24,"column":6},"end":{"line":24,"column":12}},"10":{"start":{"line":26,"column":18},"end":{"line":26,"column":27}},"11":{"start":{"line":27,"column":4},"end":{"line":67,"column":5}},"12":{"start":{"line":28,"column":6},"end":{"line":35,"column":7}},"13":{"start":{"line":29,"column":8},"end":{"line":31,"column":9}},"14":{"start":{"line":30,"column":10},"end":{"line":30,"column":39}},"15":{"start":{"line":32,"column":8},"end":{"line":32,"column":41}},"16":{"start":{"line":33,"column":8},"end":{"line":33,"column":19}},"17":{"start":{"line":34,"column":8},"end":{"line":34,"column":14}},"18":{"start":{"line":37,"column":6},"end":{"line":43,"column":7}},"19":{"start":{"line":38,"column":8},"end":{"line":38,"column":29}},"20":{"start":{"line":39,"column":8},"end":{"line":39,"column":32}},"21":{"start":{"line":40,"column":8},"end":{"line":40,"column":44}},"22":{"start":{"line":41,"column":8},"end":{"line":41,"column":19}},"23":{"start":{"line":42,"column":8},"end":{"line":42,"column":14}},"24":{"start":{"line":45,"column":6},"end":{"line":62,"column":7}},"25":{"start":{"line":46,"column":25},"end":{"line":46,"column":37}},"26":{"start":{"line":48,"column":8},"end":{"line":53,"column":9}},"27":{"start":{"line":49,"column":10},"end":{"line":49,"column":34}},"28":{"start":{"line":51,"column":10},"end":{"line":51,"column":21}},"29":{"start":{"line":52,"column":10},"end":{"line":52,"column":16}},"30":{"start":{"line":55,"column":8},"end":{"line":61,"column":9}},"31":{"start":{"line":56,"column":10},"end":{"line":56,"column":34}},"32":{"start":{"line":57,"column":10},"end":{"line":57,"column":35}},"33":{"start":{"line":59,"column":10},"end":{"line":59,"column":21}},"34":{"start":{"line":60,"column":10},"end":{"line":60,"column":16}},"35":{"start":{"line":64,"column":6},"end":{"line":64,"column":28}},"36":{"start":{"line":72,"column":4},"end":{"line":72,"column":31}},"37":{"start":{"line":72,"column":20},"end":{"line":72,"column":31}},"38":{"start":{"line":74,"column":26},"end":{"line":74,"column":28}},"39":{"start":{"line":75,"column":18},"end":{"line":75,"column":27}},"40":{"start":{"line":77,"column":4},"end":{"line":80,"column":5}},"41":{"start":{"line":78,"column":6},"end":{"line":78,"column":38}},"42":{"start":{"line":79,"column":6},"end":{"line":79,"column":28}},"43":{"start":{"line":81,"column":4},"end":{"line":81,"column":24}},"44":{"start":{"line":89,"column":24},"end":{"line":93,"column":1}},"45":{"start":{"line":90,"column":17},"end":{"line":90,"column":42}},"46":{"start":{"line":92,"column":2},"end":{"line":92,"column":11}},"47":{"start":{"line":95,"column":22},"end":{"line":108,"column":1}},"48":{"start":{"line":110,"column":0},"end":{"line":110,"column":21}}},"fnMap":{"0":{"name":"(anonymous_0)","decl":{"start":{"line":4,"column":2},"end":{"line":4,"column":3}},"loc":{"start":{"line":4,"column":28},"end":{"line":9,"column":3}},"line":4},"1":{"name":"(anonymous_1)","decl":{"start":{"line":13,"column":2},"end":{"line":13,"column":3}},"loc":{"start":{"line":13,"column":17},"end":{"line":17,"column":3}},"line":13},"2":{"name":"(anonymous_2)","decl":{"start":{"line":19,"column":2},"end":{"line":19,"column":3}},"loc":{"start":{"line":19,"column":26},"end":{"line":69,"column":3}},"line":19},"3":{"name":"(anonymous_3)","decl":{"start":{"line":71,"column":2},"end":{"line":71,"column":3}},"loc":{"start":{"line":71,"column":20},"end":{"line":82,"column":3}},"line":71},"4":{"name":"(anonymous_4)","decl":{"start":{"line":89,"column":24},"end":{"line":89,"column":25}},"loc":{"start":{"line":89,"column":30},"end":{"line":93,"column":1}},"line":89}},"branchMap":{"0":{"loc":{"start":{"line":20,"column":4},"end":{"line":25,"column":5}},"type":"if","locations":[{"start":{"line":20,"column":4},"end":{"line":25,"column":5}},{"start":{"line":20,"column":4},"end":{"line":25,"column":5}}],"line":20},"1":{"loc":{"start":{"line":28,"column":6},"end":{"line":35,"column":7}},"type":"if","locations":[{"start":{"line":28,"column":6},"end":{"line":35,"column":7}},{"start":{"line":28,"column":6},"end":{"line":35,"column":7}}],"line":28},"2":{"loc":{"start":{"line":29,"column":8},"end":{"line":31,"column":9}},"type":"if","locations":[{"start":{"line":29,"column":8},"end":{"line":31,"column":9}},{"start":{"line":29,"column":8},"end":{"line":31,"column":9}}],"line":29},"3":{"loc":{"start":{"line":37,"column":6},"end":{"line":43,"column":7}},"type":"if","locations":[{"start":{"line":37,"column":6},"end":{"line":43,"column":7}},{"start":{"line":37,"column":6},"end":{"line":43,"column":7}}],"line":37},"4":{"loc":{"start":{"line":45,"column":6},"end":{"line":62,"column":7}},"type":"if","locations":[{"start":{"line":45,"column":6},"end":{"line":62,"column":7}},{"start":{"line":45,"column":6},"end":{"line":62,"column":7}}],"line":45},"5":{"loc":{"start":{"line":48,"column":8},"end":{"line":53,"column":9}},"type":"if","locations":[{"start":{"line":48,"column":8},"end":{"line":53,"column":9}},{"start":{"line":48,"column":8},"end":{"line":53,"column":9}}],"line":48},"6":{"loc":{"start":{"line":55,"column":8},"end":{"line":61,"column":9}},"type":"if","locations":[{"start":{"line":55,"column":8},"end":{"line":61,"column":9}},{"start":{"line":55,"column":8},"end":{"line":61,"column":9}}],"line":55},"7":{"loc":{"start":{"line":72,"column":4},"end":{"line":72,"column":31}},"type":"if","locations":[{"start":{"line":72,"column":4},"end":{"line":72,"column":31}},{"start":{"line":72,"column":4},"end":{"line":72,"column":31}}],"line":72}},"s":{"0":186,"1":186,"2":186,"3":8,"4":8,"5":8,"6":13,"7":7,"8":7,"9":7,"10":6,"11":6,"12":7,"13":2,"14":1,"15":2,"16":2,"17":2,"18":5,"19":2,"20":2,"21":2,"22":2,"23":2,"24":3,"25":3,"26":3,"27":2,"28":2,"29":2,"30":1,"31":0,"32":0,"33":0,"34":0,"35":1,"36":4,"37":2,"38":2,"39":2,"40":2,"41":2,"42":2,"43":2,"44":1,"45":2,"46":2,"47":1,"48":1},"f":{"0":186,"1":8,"2":13,"3":4,"4":2},"b":{"0":[7,6],"1":[2,5],"2":[1,1],"3":[2,3],"4":[3,0],"5":[2,1],"6":[0,1],"7":[2,2]},"_coverageSchema":"1a1c01bbd47fc00a2c39e90264f33305004495a9","hash":"09927bc90bb92eb4695f874aa2d1e6225919a405"}
}
