TN:
SF:linked.js
FN:4,(anonymous_0)
FN:13,(anonymous_1)
FN:19,(anonymous_2)
FN:73,(anonymous_3)
FN:91,(anonymous_4)
FNF:5
FNH:5
FNDA:6,(anonymous_0)
FNDA:8,(anonymous_1)
FNDA:13,(anonymous_2)
FNDA:7,(anonymous_3)
FNDA:5,(anonymous_4)
DA:6,6
DA:7,6
DA:8,6
DA:14,8
DA:15,8
DA:16,8
DA:20,13
DA:21,7
DA:22,7
DA:23,7
DA:24,7
DA:26,6
DA:27,6
DA:28,9
DA:30,3
DA:31,3
DA:32,3
DA:39,9
DA:40,4
DA:41,4
DA:42,4
DA:43,4
DA:44,4
DA:47,5
DA:48,4
DA:50,4
DA:51,1
DA:52,1
DA:53,1
DA:54,1
DA:57,3
DA:58,0
DA:59,0
DA:60,0
DA:61,0
DA:62,0
DA:66,4
DA:74,7
DA:76,5
DA:77,5
DA:79,5
DA:80,9
DA:81,9
DA:83,5
DA:91,1
DA:92,5
DA:94,5
LF:47
LH:42
BRDA:20,0,0,7
BRDA:20,0,1,6
BRDA:28,1,0,3
BRDA:28,1,1,6
BRDA:39,2,0,4
BRDA:39,2,1,5
BRDA:47,3,0,4
BRDA:47,3,1,1
BRDA:50,4,0,1
BRDA:50,4,1,3
BRDA:57,5,0,0
BRDA:57,5,1,3
BRDA:74,6,0,2
BRDA:74,6,1,5
BRF:14
BRH:13
end_of_record
