TN:
SF:linked.js
FN:4,(anonymous_0)
FN:12,(anonymous_1)
FN:18,(anonymous_2)
FN:38,(anonymous_3)
FNF:4
FNH:4
FNDA:3,(anonymous_0)
FNDA:6,(anonymous_1)
FNDA:9,(anonymous_2)
FNDA:4,(anonymous_3)
DA:6,3
DA:7,3
DA:13,6
DA:14,6
DA:15,6
DA:19,9
DA:20,5
DA:21,5
DA:22,5
DA:24,4
DA:25,4
DA:26,2
DA:27,2
DA:28,2
DA:29,2
DA:31,2
DA:32,2
DA:33,2
DA:39,4
DA:41,3
DA:42,3
DA:43,3
DA:44,0
DA:45,0
DA:47,3
LF:25
LH:23
BRDA:19,0,0,5
BRDA:19,0,1,4
BRDA:25,1,0,2
BRDA:25,1,1,2
BRDA:31,2,0,2
BRDA:31,2,1,0
BRDA:39,3,0,1
BRDA:39,3,1,3
BRF:8
BRH:7
end_of_record
